<?xml version="1.0" encoding="UTF-8"?>
<!-- Generated by org.testng.reporters.JUnitXMLReporter -->
<testsuite ignored="0" hostname="bdc10676690251c" failures="0" tests="5" name="Test" time="29.692" errors="0" timestamp="2024-10-25T07:38:05 IST">
  <testcase classname="com.testng.demoproject.TestCase" name="registerUserTest" time="5.498"/>
  <testcase classname="com.testng.demoproject.TestCase" name="signInTest" time="6.365"/>
  <testcase classname="com.testng.demoproject.TestCase" name="SearchFunctionalityTest" time="5.028"/>
  <testcase classname="com.testng.demoproject.TestCase" name="SearchFunctionalityTest" time="4.961"/>
  <testcase classname="com.testng.demoproject.TestCase" name="addToCartTest" time="4.116"/>
</testsuite> <!-- Test -->
