<?xml version="1.0" encoding="UTF-8"?>
<!-- Generated by org.testng.reporters.JUnitXMLReporter -->
<testsuite ignored="0" hostname="bdc10676690251c" failures="0" tests="5" name="user2" time="30.457" errors="0" timestamp="2024-10-25T09:19:30 IST">
  <testcase classname="com.testng.demoproject.TestCase" name="registerUserTest" time="6.851"/>
  <testcase classname="com.testng.demoproject.TestCase" name="signInTest" time="7.227"/>
  <testcase classname="com.testng.demoproject.TestCase" name="SearchFunctionalityTest" time="5.171"/>
  <testcase classname="com.testng.demoproject.TestCase" name="SearchFunctionalityTest" time="4.997"/>
  <testcase classname="com.testng.demoproject.TestCase" name="addToCartTest" time="4.128"/>
</testsuite> <!-- user2 -->
