<?xml version="1.0" encoding="UTF-8"?>
<!-- Generated by org.testng.reporters.JUnitXMLReporter -->
<testsuite ignored="0" hostname="bdc10676690251c" failures="0" tests="5" name="user1" time="33.184" errors="0" timestamp="2024-10-25T09:18:59 IST">
  <testcase classname="com.testng.demoproject.TestCase" name="registerUserTest" time="5.75"/>
  <testcase classname="com.testng.demoproject.TestCase" name="signInTest" time="9.102"/>
  <testcase classname="com.testng.demoproject.TestCase" name="SearchFunctionalityTest" time="5.118"/>
  <testcase classname="com.testng.demoproject.TestCase" name="SearchFunctionalityTest" time="4.991"/>
  <testcase classname="com.testng.demoproject.TestCase" name="addToCartTest" time="4.139"/>
</testsuite> <!-- user1 -->
