<?xml version="1.0" encoding="UTF-8"?>
<!-- Generated by org.testng.reporters.JUnitXMLReporter -->
<testsuite ignored="0" hostname="bdc10676690251c" failures="0" tests="6" name="user1" time="33.701" errors="0" timestamp="2024-10-26T14:17:03 IST">
  <testcase classname="com.automation.test.TestCase" name="registerUserTest" time="5.55"/>
  <testcase classname="com.automation.test.TestCase" name="signInTest" time="6.41"/>
  <testcase classname="com.automation.test.TestCase" name="SearchFunctionalityTest" time="5.246"/>
  <testcase classname="com.automation.test.TestCase" name="SearchFunctionalityTest" time="4.867"/>
  <testcase classname="com.automation.test.TestCase" name="addToCartTest" time="5.096"/>
  <testcase classname="com.automation.test.TestCase" name="LogOutTest" time="3.783"/>
</testsuite> <!-- user1 -->
