<?xml version="1.0" encoding="UTF-8"?>
<!-- Generated by org.testng.reporters.JUnitXMLReporter -->
<testsuite ignored="0" hostname="bdc10676690251c" failures="0" tests="5" name="user2" time="27.586" errors="0" timestamp="2024-10-25T12:40:14 IST">
  <testcase classname="com.automation.test.TestCase" name="registerUserTest" time="6.036"/>
  <testcase classname="com.automation.test.TestCase" name="signInTest" time="6.82"/>
  <testcase classname="com.automation.test.TestCase" name="SearchFunctionalityTest" time="5.207"/>
  <testcase classname="com.automation.test.TestCase" name="SearchFunctionalityTest" time="5.105"/>
  <testcase classname="com.automation.test.TestCase" name="addToCartTest" time="3.119"/>
</testsuite> <!-- user2 -->
