<?xml version="1.0" encoding="UTF-8"?>
<testng-results ignored="0" total="6" passed="6" failed="0" skipped="0">
  <reporter-output>
  </reporter-output>
  <suite started-at="2024-10-26T14:16:30 IST" name="Suite" finished-at="2024-10-26T14:17:03 IST" duration-ms="33701">
    <groups>
    </groups>
    <test started-at="2024-10-26T14:16:30 IST" name="user1" finished-at="2024-10-26T14:17:03 IST" duration-ms="33701">
      <class name="com.automation.test.TestCase">
        <test-method is-config="true" signature="start()[pri:0, instance:com.automation.test.TestCase@7f485fda]" started-at="2024-10-26T14:16:30 IST" name="start" finished-at="2024-10-26T14:16:32 IST" duration-ms="2336" status="PASS">
          <reporter-output>
          </reporter-output>
        </test-method> <!-- start -->
        <test-method signature="registerUserTest(java.lang.String,java.lang.String,java.lang.String,java.lang.String,java.lang.String,java.lang.String)[pri:0, instance:com.automation.test.TestCase@7f485fda]" started-at="2024-10-26T14:16:32 IST" name="registerUserTest" finished-at="2024-10-26T14:16:38 IST" duration-ms="5550" status="PASS">
          <params>
            <param index="0">
              <value>
                <![CDATA[male]]>
              </value>
            </param>
            <param index="1">
              <value>
                <![CDATA[vdm11]]>
              </value>
            </param>
            <param index="2">
              <value>
                <![CDATA[vdm12]]>
              </value>
            </param>
            <param index="3">
              <value>
                <![CDATA[vdm14@gmail.com]]>
              </value>
            </param>
            <param index="4">
              <value>
                <![CDATA[vdm111]]>
              </value>
            </param>
            <param index="5">
              <value>
                <![CDATA[vdm111]]>
              </value>
            </param>
          </params>
          <reporter-output>
          </reporter-output>
        </test-method> <!-- registerUserTest -->
        <test-method signature="signInTest(java.lang.String,java.lang.String)[pri:1, instance:com.automation.test.TestCase@7f485fda]" started-at="2024-10-26T14:16:38 IST" name="signInTest" data-provider="getUserSignInData" finished-at="2024-10-26T14:16:44 IST" depends-on-methods="com.automation.test.TestCase.signInTest" duration-ms="6410" status="PASS">
          <params>
            <param index="0">
              <value>
                <![CDATA[vdm14@gmail.com]]>
              </value>
            </param>
            <param index="1">
              <value>
                <![CDATA[vdm111]]>
              </value>
            </param>
          </params>
          <reporter-output>
          </reporter-output>
        </test-method> <!-- signInTest -->
        <test-method signature="SearchFunctionalityTest(java.lang.String)[pri:2, instance:com.automation.test.TestCase@7f485fda]" started-at="2024-10-26T14:16:44 IST" name="SearchFunctionalityTest" data-provider="getSearchData" finished-at="2024-10-26T14:16:49 IST" depends-on-methods="com.automation.test.TestCase.signInTest" duration-ms="5246" status="PASS">
          <params>
            <param index="0">
              <value>
                <![CDATA[Computing and Internet]]>
              </value>
            </param>
          </params>
          <reporter-output>
          </reporter-output>
        </test-method> <!-- SearchFunctionalityTest -->
        <test-method signature="SearchFunctionalityTest(java.lang.String)[pri:2, instance:com.automation.test.TestCase@7f485fda]" started-at="2024-10-26T14:16:49 IST" name="SearchFunctionalityTest" data-provider="getSearchData" finished-at="2024-10-26T14:16:54 IST" depends-on-methods="com.automation.test.TestCase.signInTest" duration-ms="4867" status="PASS">
          <params>
            <param index="0">
              <value>
                <![CDATA[Computing and Internet]]>
              </value>
            </param>
          </params>
          <reporter-output>
          </reporter-output>
        </test-method> <!-- SearchFunctionalityTest -->
        <test-method signature="addToCartTest()[pri:3, instance:com.automation.test.TestCase@7f485fda]" started-at="2024-10-26T14:16:54 IST" name="addToCartTest" finished-at="2024-10-26T14:16:59 IST" depends-on-methods="com.automation.test.TestCase.SearchFunctionalityTest" duration-ms="5096" status="PASS">
          <reporter-output>
          </reporter-output>
        </test-method> <!-- addToCartTest -->
        <test-method signature="LogOutTest()[pri:4, instance:com.automation.test.TestCase@7f485fda]" started-at="2024-10-26T14:16:59 IST" name="LogOutTest" finished-at="2024-10-26T14:17:03 IST" depends-on-methods="com.automation.test.TestCase.signInTest" duration-ms="3783" status="PASS">
          <reporter-output>
          </reporter-output>
        </test-method> <!-- LogOutTest -->
        <test-method is-config="true" signature="end()[pri:0, instance:com.automation.test.TestCase@7f485fda]" started-at="2024-10-26T14:17:03 IST" name="end" finished-at="2024-10-26T14:17:03 IST" duration-ms="296" status="PASS">
          <reporter-output>
          </reporter-output>
        </test-method> <!-- end -->
      </class> <!-- com.automation.test.TestCase -->
    </test> <!-- user1 -->
  </suite> <!-- Suite -->
</testng-results>
